2026-03-13 21:37:03,983 [INFO] TradingBot: Logging initialized.
2026-03-13 21:37:03,983 [INFO] TradingBot: Starting order process for BTCUSDT BUY MARKET
2026-03-13 21:37:05,494 [INFO] TradingBot.orders: Sending order request: {'symbol': 'BTCUSDT', 'side': 'BUY', 'type': 'MARKET', 'quantity': 0.002}
2026-03-13 21:37:05,748 [INFO] TradingBot.orders: Order placed successfully: {'orderId': 12790959602, 'symbol': 'BTCUSDT', 'status': 'NEW', 'clientOrderId': 'x-Cb7ytekJf0d13f06859126c7edc95', 'price': '0.00', 'avgPrice': '0.00', 'origQty': '0.002', 'executedQty': '0.000', 'cumQty': '0.000', 'cumQuote': '0.00000', 'timeInForce': 'GTC', 'type': 'MARKET', 'reduceOnly': False, 'closePosition': False, 'side': 'BUY', 'positionSide': 'BOTH', 'stopPrice': '0.00', 'workingType': 'CONTRACT_PRICE', 'priceProtect': False, 'origType': 'MARKET', 'priceMatch': 'NONE', 'selfTradePreventionMode': 'EXPIRE_MAKER', 'goodTillDate': 0, 'updateTime': 1773418025764}
2026-03-13 21:37:08,593 [INFO] TradingBot: Logging initialized.
2026-03-13 21:37:08,594 [INFO] TradingBot: Starting order process for BTCUSDT SELL LIMIT
2026-03-13 21:37:08,799 [INFO] TradingBot.orders: Sending order request: {'symbol': 'BTCUSDT', 'side': 'SELL', 'type': 'LIMIT', 'quantity': 0.002, 'price': 110000.0, 'timeInForce': 'GTC'}
2026-03-13 21:37:09,037 [INFO] TradingBot.orders: Order placed successfully: {'orderId': 12790960541, 'symbol': 'BTCUSDT', 'status': 'NEW', 'clientOrderId': 'x-Cb7ytekJ5851d291e83f89f50d97ca', 'price': '110000.00', 'avgPrice': '0.00', 'origQty': '0.002', 'executedQty': '0.000', 'cumQty': '0.000', 'cumQuote': '0.00000', 'timeInForce': 'GTC', 'type': 'LIMIT', 'reduceOnly': False, 'closePosition': False, 'side': 'SELL', 'positionSide': 'BOTH', 'stopPrice': '0.00', 'workingType': 'CONTRACT_PRICE', 'priceProtect': False, 'origType': 'LIMIT', 'priceMatch': 'NONE', 'selfTradePreventionMode': 'EXPIRE_MAKER', 'goodTillDate': 0, 'updateTime': 1773418029019}
2026-03-13 21:38:38,254 [INFO] TradingBot: Logging initialized.
2026-03-13 21:38:38,254 [INFO] TradingBot: Starting order process for BTCUSDT SELL MARKET
2026-03-13 21:38:38,733 [INFO] TradingBot.orders: Sending order request: {'symbol': 'BTCUSDT', 'side': 'SELL', 'type': 'MARKET', 'quantity': 0.002}
2026-03-13 21:38:39,077 [INFO] TradingBot.orders: Order placed successfully: {'orderId': 12790984587, 'symbol': 'BTCUSDT', 'status': 'NEW', 'clientOrderId': 'x-Cb7ytekJae0a4adf33b188927d595d', 'price': '0.00', 'avgPrice': '0.00', 'origQty': '0.002', 'executedQty': '0.000', 'cumQty': '0.000', 'cumQuote': '0.00000', 'timeInForce': 'GTC', 'type': 'MARKET', 'reduceOnly': False, 'closePosition': False, 'side': 'SELL', 'positionSide': 'BOTH', 'stopPrice': '0.00', 'workingType': 'CONTRACT_PRICE', 'priceProtect': False, 'origType': 'MARKET', 'priceMatch': 'NONE', 'selfTradePreventionMode': 'EXPIRE_MAKER', 'goodTillDate': 0, 'updateTime': 1773418119043}
2026-03-13 21:38:39,839 [INFO] TradingBot: Logging initialized.
2026-03-13 21:38:39,844 [INFO] TradingBot: Starting order process for ETHUSDT BUY MARKET
2026-03-13 21:38:40,014 [INFO] TradingBot.orders: Sending order request: {'symbol': 'ETHUSDT', 'side': 'BUY', 'type': 'MARKET', 'quantity': 0.1}
2026-03-13 21:38:40,255 [INFO] TradingBot.orders: Order placed successfully: {'orderId': 8535325862, 'symbol': 'ETHUSDT', 'status': 'NEW', 'clientOrderId': 'x-Cb7ytekJ50852b5e62e0dc32915f52', 'price': '0.00', 'avgPrice': '0.00', 'origQty': '0.100', 'executedQty': '0.000', 'cumQty': '0.000', 'cumQuote': '0.00000', 'timeInForce': 'GTC', 'type': 'MARKET', 'reduceOnly': False, 'closePosition': False, 'side': 'BUY', 'positionSide': 'BOTH', 'stopPrice': '0.00', 'workingType': 'CONTRACT_PRICE', 'priceProtect': False, 'origType': 'MARKET', 'priceMatch': 'NONE', 'selfTradePreventionMode': 'EXPIRE_MAKER', 'goodTillDate': 0, 'updateTime': 1773418120238}
2026-03-13 21:39:08,638 [INFO] TradingBot: Logging initialized.
2026-03-13 21:39:08,638 [INFO] TradingBot: Starting order process for BTCUSDT BUY MARKET
2026-03-13 21:39:09,140 [INFO] TradingBot.orders: Sending order request: {'symbol': 'BTCUSDT', 'side': 'BUY', 'type': 'MARKET', 'quantity': 0.002}
2026-03-13 21:39:09,425 [INFO] TradingBot.orders: Order placed successfully: {'orderId': 12790991988, 'symbol': 'BTCUSDT', 'status': 'NEW', 'clientOrderId': 'x-Cb7ytekJb3699505dc3c663343b185', 'price': '0.00', 'avgPrice': '0.00', 'origQty': '0.002', 'executedQty': '0.000', 'cumQty': '0.000', 'cumQuote': '0.00000', 'timeInForce': 'GTC', 'type': 'MARKET', 'reduceOnly': False, 'closePosition': False, 'side': 'BUY', 'positionSide': 'BOTH', 'stopPrice': '0.00', 'workingType': 'CONTRACT_PRICE', 'priceProtect': False, 'origType': 'MARKET', 'priceMatch': 'NONE', 'selfTradePreventionMode': 'EXPIRE_MAKER', 'goodTillDate': 0, 'updateTime': 1773418149429}
2026-03-13 21:39:10,410 [INFO] TradingBot: Logging initialized.
2026-03-13 21:39:10,413 [INFO] TradingBot: Starting order process for BTCUSDT SELL LIMIT
2026-03-13 21:39:10,794 [INFO] TradingBot.orders: Sending order request: {'symbol': 'BTCUSDT', 'side': 'SELL', 'type': 'LIMIT', 'quantity': 0.002, 'price': 100000.0, 'timeInForce': 'GTC'}
2026-03-13 21:39:11,031 [INFO] TradingBot.orders: Order placed successfully: {'orderId': 12790992262, 'symbol': 'BTCUSDT', 'status': 'NEW', 'clientOrderId': 'x-Cb7ytekJfe9a0cb9c05ba2a3dab4e5', 'price': '100000.00', 'avgPrice': '0.00', 'origQty': '0.002', 'executedQty': '0.000', 'cumQty': '0.000', 'cumQuote': '0.00000', 'timeInForce': 'GTC', 'type': 'LIMIT', 'reduceOnly': False, 'closePosition': False, 'side': 'SELL', 'positionSide': 'BOTH', 'stopPrice': '0.00', 'workingType': 'CONTRACT_PRICE', 'priceProtect': False, 'origType': 'LIMIT', 'priceMatch': 'NONE', 'selfTradePreventionMode': 'EXPIRE_MAKER', 'goodTillDate': 0, 'updateTime': 1773418151035}
2026-03-13 21:39:11,998 [INFO] TradingBot: Logging initialized.
2026-03-13 21:39:12,002 [INFO] TradingBot: Starting order process for SOLUSDT BUY MARKET
2026-03-13 21:39:12,180 [INFO] TradingBot.orders: Sending order request: {'symbol': 'SOLUSDT', 'side': 'BUY', 'type': 'MARKET', 'quantity': 2.0}
2026-03-13 21:39:12,545 [INFO] TradingBot.orders: Order placed successfully: {'orderId': 1780676942, 'symbol': 'SOLUSDT', 'status': 'NEW', 'clientOrderId': 'x-Cb7ytekJ1f87807a5d5d1085ebb4db', 'price': '0.0000', 'avgPrice': '0.00', 'origQty': '2.00', 'executedQty': '0.00', 'cumQty': '0.00', 'cumQuote': '0.000000', 'timeInForce': 'GTC', 'type': 'MARKET', 'reduceOnly': False, 'closePosition': False, 'side': 'BUY', 'positionSide': 'BOTH', 'stopPrice': '0.0000', 'workingType': 'CONTRACT_PRICE', 'priceProtect': False, 'origType': 'MARKET', 'priceMatch': 'NONE', 'selfTradePreventionMode': 'EXPIRE_MAKER', 'goodTillDate': 0, 'updateTime': 1773418152535}
